[2m2022-11-24 22:59:27.218[0;39m [32m INFO[0;39m [35m12492[0;39m [2m---[0;39m [2m[           main][0;39m [36mo.s.b.w.embedded.tomcat.TomcatWebServer [0;39m [2m:[0;39m Tomcat initialized with port(s): 9999 (http)
[2m2022-11-24 22:59:27.363[0;39m [32m INFO[0;39m [35m12492[0;39m [2m---[0;39m [2m[           main][0;39m [36mw.s.c.ServletWebServerApplicationContext[0;39m [2m:[0;39m Root WebApplicationContext: initialization completed in 1532 ms
[2m2022-11-24 22:59:29.604[0;39m [32m INFO[0;39m [35m12492[0;39m [2m---[0;39m [2m[           main][0;39m [36mo.s.b.w.embedded.tomcat.TomcatWebServer [0;39m [2m:[0;39m Tomcat started on port(s): 9999 (http) with context path '/vue'
[2m2022-11-24 23:00:56.930[0;39m [32m INFO[0;39m [35m12492[0;39m [2m---[0;39m [2m[nio-9999-exec-1][0;39m [36mo.s.web.servlet.DispatcherServlet       [0;39m [2m:[0;39m Initializing Servlet 'dispatcherServlet'
[2m2022-11-24 23:00:56.932[0;39m [32m INFO[0;39m [35m12492[0;39m [2m---[0;39m [2m[nio-9999-exec-1][0;39m [36mo.s.web.servlet.DispatcherServlet       [0;39m [2m:[0;39m Completed initialization in 1 ms
[2m2022-11-24 23:00:56.978[0;39m [32m INFO[0;39m [35m12492[0;39m [2m---[0;39m [2m[nio-9999-exec-1][0;39m [36mc.s.vue.controller.HouseMapController   [0;39m [2m:[0;39m 주소 호출
[2m2022-11-24 23:01:00.147[0;39m [32m INFO[0;39m [35m12492[0;39m [2m---[0;39m [2m[nio-9999-exec-2][0;39m [36mc.s.vue.controller.HouseMapController   [0;39m [2m:[0;39m 거래정보 호출
[2m2022-11-24 23:01:01.561[0;39m [32m INFO[0;39m [35m12492[0;39m [2m---[0;39m [2m[nio-9999-exec-3][0;39m [36mc.s.vue.controller.HouseMapController   [0;39m [2m:[0;39m comment listArticle - 호출
[2m2022-11-24 23:01:11.081[0;39m [32m INFO[0;39m [35m12492[0;39m [2m---[0;39m [2m[nio-9999-exec-5][0;39m [36mc.ssafy.vue.controller.BoardController  [0;39m [2m:[0;39m getBoardTotalCount - 호출
[2m2022-11-24 23:01:11.103[0;39m [32m INFO[0;39m [35m12492[0;39m [2m---[0;39m [2m[nio-9999-exec-4][0;39m [36mc.ssafy.vue.controller.BoardController  [0;39m [2m:[0;39m Board listArticle - 호출
[2m2022-11-24 23:01:12.904[0;39m [32m INFO[0;39m [35m12492[0;39m [2m---[0;39m [2m[nio-9999-exec-6][0;39m [36mc.ssafy.vue.controller.BoardController  [0;39m [2m:[0;39m getArticle - 호출 : 4
[2m2022-11-24 23:01:15.442[0;39m [32m INFO[0;39m [35m12492[0;39m [2m---[0;39m [2m[nio-9999-exec-7][0;39m [36mc.ssafy.vue.controller.BoardController  [0;39m [2m:[0;39m getArticle - 호출 : 4
[2m2022-11-24 23:14:31.926[0;39m [32m INFO[0;39m [35m12492[0;39m [2m---[0;39m [2m[on(2)-127.0.0.1][0;39m [36minMXBeanRegistrar$SpringApplicationAdmin[0;39m [2m:[0;39m Application shutdown requested.
[2m2022-11-24 23:14:32.337[0;39m [33m WARN[0;39m [35m12492[0;39m [2m---[0;39m [2m[on(2)-127.0.0.1][0;39m [36mo.a.c.loader.WebappClassLoaderBase      [0;39m [2m:[0;39m The web application [vue] appears to have started a thread named [HikariPool-1 housekeeper] but has failed to stop it. This is very likely to create a memory leak. Stack trace of thread:
 sun.misc.Unsafe.park(Native Method)
 java.util.concurrent.locks.LockSupport.parkNanos(LockSupport.java:215)
 java.util.concurrent.locks.AbstractQueuedSynchronizer$ConditionObject.awaitNanos(AbstractQueuedSynchronizer.java:2078)
 java.util.concurrent.ScheduledThreadPoolExecutor$DelayedWorkQueue.take(ScheduledThreadPoolExecutor.java:1093)
 java.util.concurrent.ScheduledThreadPoolExecutor$DelayedWorkQueue.take(ScheduledThreadPoolExecutor.java:809)
 java.util.concurrent.ThreadPoolExecutor.getTask(ThreadPoolExecutor.java:1074)
 java.util.concurrent.ThreadPoolExecutor.runWorker(ThreadPoolExecutor.java:1134)
 java.util.concurrent.ThreadPoolExecutor$Worker.run(ThreadPoolExecutor.java:624)
 java.lang.Thread.run(Thread.java:748)
[2m2022-11-24 23:14:39.283[0;39m [32m INFO[0;39m [35m4116[0;39m [2m---[0;39m [2m[           main][0;39m [36mo.s.b.w.embedded.tomcat.TomcatWebServer [0;39m [2m:[0;39m Tomcat initialized with port(s): 9999 (http)
[2m2022-11-24 23:14:39.451[0;39m [32m INFO[0;39m [35m4116[0;39m [2m---[0;39m [2m[           main][0;39m [36mw.s.c.ServletWebServerApplicationContext[0;39m [2m:[0;39m Root WebApplicationContext: initialization completed in 1896 ms
[2m2022-11-24 23:14:40.555[0;39m [32m INFO[0;39m [35m4116[0;39m [2m---[0;39m [2m[           main][0;39m [36mo.s.b.w.embedded.tomcat.TomcatWebServer [0;39m [2m:[0;39m Tomcat started on port(s): 9999 (http) with context path '/vue'
[2m2022-11-24 23:18:14.671[0;39m [32m INFO[0;39m [35m4116[0;39m [2m---[0;39m [2m[nio-9999-exec-1][0;39m [36mo.s.web.servlet.DispatcherServlet       [0;39m [2m:[0;39m Initializing Servlet 'dispatcherServlet'
[2m2022-11-24 23:18:14.674[0;39m [32m INFO[0;39m [35m4116[0;39m [2m---[0;39m [2m[nio-9999-exec-1][0;39m [36mo.s.web.servlet.DispatcherServlet       [0;39m [2m:[0;39m Completed initialization in 2 ms
[2m2022-11-24 23:18:14.713[0;39m [32m INFO[0;39m [35m4116[0;39m [2m---[0;39m [2m[nio-9999-exec-2][0;39m [36mc.ssafy.vue.controller.BoardController  [0;39m [2m:[0;39m getBoardTotalCount - 호출
[2m2022-11-24 23:18:14.733[0;39m [32m INFO[0;39m [35m4116[0;39m [2m---[0;39m [2m[nio-9999-exec-1][0;39m [36mc.ssafy.vue.controller.BoardController  [0;39m [2m:[0;39m Board listArticle - 호출
[2m2022-11-24 23:18:18.199[0;39m [32m INFO[0;39m [35m4116[0;39m [2m---[0;39m [2m[nio-9999-exec-3][0;39m [36mc.ssafy.vue.controller.BoardController  [0;39m [2m:[0;39m getArticle - 호출 : 1
[2m2022-11-24 23:18:20.735[0;39m [32m INFO[0;39m [35m4116[0;39m [2m---[0;39m [2m[nio-9999-exec-4][0;39m [36mc.ssafy.vue.controller.BoardController  [0;39m [2m:[0;39m getArticle - 호출 : 1
[2m2022-11-24 23:18:21.697[0;39m [32m INFO[0;39m [35m4116[0;39m [2m---[0;39m [2m[nio-9999-exec-5][0;39m [36mc.ssafy.vue.controller.BoardController  [0;39m [2m:[0;39m getArticle - 호출 : 1
[2m2022-11-24 23:18:27.457[0;39m [32m INFO[0;39m [35m4116[0;39m [2m---[0;39m [2m[nio-9999-exec-7][0;39m [36mc.ssafy.vue.controller.BoardController  [0;39m [2m:[0;39m getBoardTotalCount - 호출
[2m2022-11-24 23:18:27.458[0;39m [32m INFO[0;39m [35m4116[0;39m [2m---[0;39m [2m[nio-9999-exec-6][0;39m [36mc.ssafy.vue.controller.BoardController  [0;39m [2m:[0;39m Board listArticle - 호출
[2m2022-11-24 23:18:28.869[0;39m [32m INFO[0;39m [35m4116[0;39m [2m---[0;39m [2m[nio-9999-exec-8][0;39m [36mc.ssafy.vue.controller.BoardController  [0;39m [2m:[0;39m getArticle - 호출 : 2
[2m2022-11-24 23:18:30.914[0;39m [32m INFO[0;39m [35m4116[0;39m [2m---[0;39m [2m[nio-9999-exec-9][0;39m [36mc.ssafy.vue.controller.BoardController  [0;39m [2m:[0;39m getArticle - 호출 : 2
[2m2022-11-24 23:18:31.840[0;39m [32m INFO[0;39m [35m4116[0;39m [2m---[0;39m [2m[io-9999-exec-10][0;39m [36mc.ssafy.vue.controller.BoardController  [0;39m [2m:[0;39m Board listArticle - 호출
[2m2022-11-24 23:18:31.841[0;39m [32m INFO[0;39m [35m4116[0;39m [2m---[0;39m [2m[nio-9999-exec-1][0;39m [36mc.ssafy.vue.controller.BoardController  [0;39m [2m:[0;39m getBoardTotalCount - 호출
[2m2022-11-24 23:18:32.805[0;39m [32m INFO[0;39m [35m4116[0;39m [2m---[0;39m [2m[nio-9999-exec-2][0;39m [36mc.ssafy.vue.controller.BoardController  [0;39m [2m:[0;39m getArticle - 호출 : 3
[2m2022-11-24 23:18:33.915[0;39m [32m INFO[0;39m [35m4116[0;39m [2m---[0;39m [2m[nio-9999-exec-3][0;39m [36mc.ssafy.vue.controller.BoardController  [0;39m [2m:[0;39m getArticle - 호출 : 3
[2m2022-11-24 23:18:35.122[0;39m [32m INFO[0;39m [35m4116[0;39m [2m---[0;39m [2m[nio-9999-exec-4][0;39m [36mc.ssafy.vue.controller.BoardController  [0;39m [2m:[0;39m Board listArticle - 호출
[2m2022-11-24 23:18:35.123[0;39m [32m INFO[0;39m [35m4116[0;39m [2m---[0;39m [2m[nio-9999-exec-5][0;39m [36mc.ssafy.vue.controller.BoardController  [0;39m [2m:[0;39m getBoardTotalCount - 호출
[2m2022-11-24 23:18:35.879[0;39m [32m INFO[0;39m [35m4116[0;39m [2m---[0;39m [2m[nio-9999-exec-7][0;39m [36mc.ssafy.vue.controller.BoardController  [0;39m [2m:[0;39m getArticle - 호출 : 4
[2m2022-11-24 23:18:36.723[0;39m [32m INFO[0;39m [35m4116[0;39m [2m---[0;39m [2m[nio-9999-exec-6][0;39m [36mc.ssafy.vue.controller.BoardController  [0;39m [2m:[0;39m getArticle - 호출 : 4
[2m2022-11-24 23:18:37.361[0;39m [32m INFO[0;39m [35m4116[0;39m [2m---[0;39m [2m[nio-9999-exec-8][0;39m [36mc.ssafy.vue.controller.BoardController  [0;39m [2m:[0;39m Board listArticle - 호출
[2m2022-11-24 23:18:37.362[0;39m [32m INFO[0;39m [35m4116[0;39m [2m---[0;39m [2m[nio-9999-exec-9][0;39m [36mc.ssafy.vue.controller.BoardController  [0;39m [2m:[0;39m getBoardTotalCount - 호출
[2m2022-11-24 23:18:37.916[0;39m [32m INFO[0;39m [35m4116[0;39m [2m---[0;39m [2m[nio-9999-exec-1][0;39m [36mc.ssafy.vue.controller.BoardController  [0;39m [2m:[0;39m getArticle - 호출 : 5
[2m2022-11-24 23:18:38.676[0;39m [32m INFO[0;39m [35m4116[0;39m [2m---[0;39m [2m[io-9999-exec-10][0;39m [36mc.ssafy.vue.controller.BoardController  [0;39m [2m:[0;39m getArticle - 호출 : 5
[2m2022-11-24 23:18:43.253[0;39m [32m INFO[0;39m [35m4116[0;39m [2m---[0;39m [2m[nio-9999-exec-2][0;39m [36mc.ssafy.vue.controller.BoardController  [0;39m [2m:[0;39m Board listArticle - 호출
[2m2022-11-24 23:18:43.253[0;39m [32m INFO[0;39m [35m4116[0;39m [2m---[0;39m [2m[nio-9999-exec-3][0;39m [36mc.ssafy.vue.controller.BoardController  [0;39m [2m:[0;39m getBoardTotalCount - 호출
[2m2022-11-24 23:18:45.283[0;39m [32m INFO[0;39m [35m4116[0;39m [2m---[0;39m [2m[nio-9999-exec-5][0;39m [36mc.ssafy.vue.controller.BoardController  [0;39m [2m:[0;39m getArticle - 호출 : 5
[2m2022-11-24 23:18:47.877[0;39m [32m INFO[0;39m [35m4116[0;39m [2m---[0;39m [2m[nio-9999-exec-4][0;39m [36mc.ssafy.vue.controller.BoardController  [0;39m [2m:[0;39m getArticle - 호출 : 5
[2m2022-11-24 23:18:48.830[0;39m [32m INFO[0;39m [35m4116[0;39m [2m---[0;39m [2m[nio-9999-exec-6][0;39m [36mc.ssafy.vue.controller.BoardController  [0;39m [2m:[0;39m getBoardTotalCount - 호출
[2m2022-11-24 23:18:48.830[0;39m [32m INFO[0;39m [35m4116[0;39m [2m---[0;39m [2m[nio-9999-exec-7][0;39m [36mc.ssafy.vue.controller.BoardController  [0;39m [2m:[0;39m Board listArticle - 호출
[2m2022-11-24 23:19:55.486[0;39m [32m INFO[0;39m [35m4116[0;39m [2m---[0;39m [2m[nio-9999-exec-1][0;39m [36mc.ssafy.vue.controller.BoardController  [0;39m [2m:[0;39m getArticle - 호출 : 5
[2m2022-11-24 23:20:17.925[0;39m [32m INFO[0;39m [35m4116[0;39m [2m---[0;39m [2m[io-9999-exec-10][0;39m [36mc.ssafy.vue.controller.BoardController  [0;39m [2m:[0;39m getArticle - 호출 : 5
[2m2022-11-24 23:20:51.405[0;39m [32m INFO[0;39m [35m4116[0;39m [2m---[0;39m [2m[nio-9999-exec-3][0;39m [36mc.ssafy.vue.controller.BoardController  [0;39m [2m:[0;39m getArticle - 호출 : 5
[2m2022-11-24 23:20:54.796[0;39m [32m INFO[0;39m [35m4116[0;39m [2m---[0;39m [2m[nio-9999-exec-2][0;39m [36mc.ssafy.vue.controller.BoardController  [0;39m [2m:[0;39m getArticle - 호출 : 5
[2m2022-11-24 23:21:14.648[0;39m [32m INFO[0;39m [35m4116[0;39m [2m---[0;39m [2m[nio-9999-exec-5][0;39m [36mc.ssafy.vue.controller.BoardController  [0;39m [2m:[0;39m getArticle - 호출 : 5
[2m2022-11-24 23:21:16.161[0;39m [32m INFO[0;39m [35m4116[0;39m [2m---[0;39m [2m[nio-9999-exec-4][0;39m [36mc.ssafy.vue.controller.BoardController  [0;39m [2m:[0;39m Board listArticle - 호출
[2m2022-11-24 23:21:16.162[0;39m [32m INFO[0;39m [35m4116[0;39m [2m---[0;39m [2m[nio-9999-exec-7][0;39m [36mc.ssafy.vue.controller.BoardController  [0;39m [2m:[0;39m getBoardTotalCount - 호출
[2m2022-11-24 23:21:17.440[0;39m [32m INFO[0;39m [35m4116[0;39m [2m---[0;39m [2m[nio-9999-exec-6][0;39m [36mc.ssafy.vue.controller.BoardController  [0;39m [2m:[0;39m getArticle - 호출 : 5
[2m2022-11-24 23:21:18.723[0;39m [32m INFO[0;39m [35m4116[0;39m [2m---[0;39m [2m[nio-9999-exec-8][0;39m [36mc.ssafy.vue.controller.BoardController  [0;39m [2m:[0;39m getBoardTotalCount - 호출
[2m2022-11-24 23:21:18.724[0;39m [32m INFO[0;39m [35m4116[0;39m [2m---[0;39m [2m[nio-9999-exec-9][0;39m [36mc.ssafy.vue.controller.BoardController  [0;39m [2m:[0;39m Board listArticle - 호출
[2m2022-11-24 23:21:19.572[0;39m [32m INFO[0;39m [35m4116[0;39m [2m---[0;39m [2m[nio-9999-exec-1][0;39m [36mc.ssafy.vue.controller.BoardController  [0;39m [2m:[0;39m getArticle - 호출 : 4
[2m2022-11-24 23:21:20.378[0;39m [32m INFO[0;39m [35m4116[0;39m [2m---[0;39m [2m[nio-9999-exec-3][0;39m [36mc.ssafy.vue.controller.BoardController  [0;39m [2m:[0;39m getBoardTotalCount - 호출
[2m2022-11-24 23:21:20.378[0;39m [32m INFO[0;39m [35m4116[0;39m [2m---[0;39m [2m[io-9999-exec-10][0;39m [36mc.ssafy.vue.controller.BoardController  [0;39m [2m:[0;39m Board listArticle - 호출
[2m2022-11-24 23:21:21.943[0;39m [32m INFO[0;39m [35m4116[0;39m [2m---[0;39m [2m[nio-9999-exec-2][0;39m [36mc.ssafy.vue.controller.BoardController  [0;39m [2m:[0;39m getArticle - 호출 : 5
[2m2022-11-24 23:21:35.397[0;39m [32m INFO[0;39m [35m4116[0;39m [2m---[0;39m [2m[nio-9999-exec-5][0;39m [36mc.ssafy.vue.controller.BoardController  [0;39m [2m:[0;39m getArticle - 호출 : 5
[2m2022-11-24 23:22:16.553[0;39m [32m INFO[0;39m [35m4116[0;39m [2m---[0;39m [2m[nio-9999-exec-4][0;39m [36mc.ssafy.vue.controller.BoardController  [0;39m [2m:[0;39m getArticle - 호출 : 5
[2m2022-11-24 23:22:20.411[0;39m [32m INFO[0;39m [35m4116[0;39m [2m---[0;39m [2m[nio-9999-exec-7][0;39m [36mc.ssafy.vue.controller.BoardController  [0;39m [2m:[0;39m getArticle - 호출 : 5
[2m2022-11-24 23:22:25.801[0;39m [32m INFO[0;39m [35m4116[0;39m [2m---[0;39m [2m[nio-9999-exec-9][0;39m [36mc.ssafy.vue.controller.BoardController  [0;39m [2m:[0;39m getArticle - 호출 : 5
[2m2022-11-24 23:22:37.283[0;39m [32m INFO[0;39m [35m4116[0;39m [2m---[0;39m [2m[nio-9999-exec-8][0;39m [36mc.ssafy.vue.controller.BoardController  [0;39m [2m:[0;39m getArticle - 호출 : 5
[2m2022-11-24 23:22:38.495[0;39m [32m INFO[0;39m [35m4116[0;39m [2m---[0;39m [2m[io-9999-exec-10][0;39m [36mc.ssafy.vue.controller.BoardController  [0;39m [2m:[0;39m getBoardTotalCount - 호출
[2m2022-11-24 23:22:38.496[0;39m [32m INFO[0;39m [35m4116[0;39m [2m---[0;39m [2m[nio-9999-exec-1][0;39m [36mc.ssafy.vue.controller.BoardController  [0;39m [2m:[0;39m Board listArticle - 호출
[2m2022-11-24 23:23:14.019[0;39m [32m INFO[0;39m [35m4116[0;39m [2m---[0;39m [2m[nio-9999-exec-3][0;39m [36mc.ssafy.vue.controller.BoardController  [0;39m [2m:[0;39m getArticle - 호출 : 5
[2m2022-11-24 23:23:15.399[0;39m [32m INFO[0;39m [35m4116[0;39m [2m---[0;39m [2m[nio-9999-exec-5][0;39m [36mc.ssafy.vue.controller.BoardController  [0;39m [2m:[0;39m getBoardTotalCount - 호출
[2m2022-11-24 23:23:15.400[0;39m [32m INFO[0;39m [35m4116[0;39m [2m---[0;39m [2m[nio-9999-exec-2][0;39m [36mc.ssafy.vue.controller.BoardController  [0;39m [2m:[0;39m Board listArticle - 호출
[2m2022-11-24 23:23:20.412[0;39m [32m INFO[0;39m [35m4116[0;39m [2m---[0;39m [2m[nio-9999-exec-4][0;39m [36mc.ssafy.vue.controller.BoardController  [0;39m [2m:[0;39m getArticle - 호출 : 5
[2m2022-11-24 23:23:41.797[0;39m [32m INFO[0;39m [35m4116[0;39m [2m---[0;39m [2m[nio-9999-exec-7][0;39m [36mc.ssafy.vue.controller.BoardController  [0;39m [2m:[0;39m getArticle - 호출 : 5
[2m2022-11-24 23:23:54.122[0;39m [32m INFO[0;39m [35m4116[0;39m [2m---[0;39m [2m[nio-9999-exec-6][0;39m [36mc.ssafy.vue.controller.BoardController  [0;39m [2m:[0;39m getArticle - 호출 : 5
[2m2022-11-24 23:23:55.950[0;39m [32m INFO[0;39m [35m4116[0;39m [2m---[0;39m [2m[nio-9999-exec-9][0;39m [36mc.ssafy.vue.controller.BoardController  [0;39m [2m:[0;39m Board listArticle - 호출
[2m2022-11-24 23:23:55.950[0;39m [32m INFO[0;39m [35m4116[0;39m [2m---[0;39m [2m[nio-9999-exec-8][0;39m [36mc.ssafy.vue.controller.BoardController  [0;39m [2m:[0;39m getBoardTotalCount - 호출
[2m2022-11-24 23:23:57.198[0;39m [32m INFO[0;39m [35m4116[0;39m [2m---[0;39m [2m[nio-9999-exec-1][0;39m [36mc.ssafy.vue.controller.BoardController  [0;39m [2m:[0;39m getArticle - 호출 : 5
[2m2022-11-24 23:23:58.388[0;39m [32m INFO[0;39m [35m4116[0;39m [2m---[0;39m [2m[nio-9999-exec-3][0;39m [36mc.ssafy.vue.controller.BoardController  [0;39m [2m:[0;39m getBoardTotalCount - 호출
[2m2022-11-24 23:23:58.389[0;39m [32m INFO[0;39m [35m4116[0;39m [2m---[0;39m [2m[io-9999-exec-10][0;39m [36mc.ssafy.vue.controller.BoardController  [0;39m [2m:[0;39m Board listArticle - 호출
[2m2022-11-24 23:23:59.551[0;39m [32m INFO[0;39m [35m4116[0;39m [2m---[0;39m [2m[nio-9999-exec-2][0;39m [36mc.ssafy.vue.controller.BoardController  [0;39m [2m:[0;39m getArticle - 호출 : 5
[2m2022-11-24 23:24:00.392[0;39m [32m INFO[0;39m [35m4116[0;39m [2m---[0;39m [2m[nio-9999-exec-4][0;39m [36mc.ssafy.vue.controller.BoardController  [0;39m [2m:[0;39m getBoardTotalCount - 호출
[2m2022-11-24 23:24:00.393[0;39m [32m INFO[0;39m [35m4116[0;39m [2m---[0;39m [2m[nio-9999-exec-5][0;39m [36mc.ssafy.vue.controller.BoardController  [0;39m [2m:[0;39m Board listArticle - 호출
[2m2022-11-24 23:24:16.322[0;39m [32m INFO[0;39m [35m4116[0;39m [2m---[0;39m [2m[nio-9999-exec-6][0;39m [36mc.ssafy.vue.controller.BoardController  [0;39m [2m:[0;39m getBoardTotalCount - 호출
[2m2022-11-24 23:24:16.323[0;39m [32m INFO[0;39m [35m4116[0;39m [2m---[0;39m [2m[nio-9999-exec-7][0;39m [36mc.ssafy.vue.controller.BoardController  [0;39m [2m:[0;39m Board listArticle - 호출
[2m2022-11-24 23:24:19.248[0;39m [32m INFO[0;39m [35m4116[0;39m [2m---[0;39m [2m[nio-9999-exec-8][0;39m [36mc.ssafy.vue.controller.BoardController  [0;39m [2m:[0;39m getBoardTotalCount - 호출
[2m2022-11-24 23:24:19.249[0;39m [32m INFO[0;39m [35m4116[0;39m [2m---[0;39m [2m[nio-9999-exec-9][0;39m [36mc.ssafy.vue.controller.BoardController  [0;39m [2m:[0;39m Board listArticle - 호출
[2m2022-11-24 23:24:19.849[0;39m [32m INFO[0;39m [35m4116[0;39m [2m---[0;39m [2m[nio-9999-exec-1][0;39m [36mc.ssafy.vue.controller.BoardController  [0;39m [2m:[0;39m getArticle - 호출 : 5
[2m2022-11-24 23:24:21.207[0;39m [32m INFO[0;39m [35m4116[0;39m [2m---[0;39m [2m[nio-9999-exec-3][0;39m [36mc.ssafy.vue.controller.BoardController  [0;39m [2m:[0;39m getBoardTotalCount - 호출
[2m2022-11-24 23:24:21.208[0;39m [32m INFO[0;39m [35m4116[0;39m [2m---[0;39m [2m[io-9999-exec-10][0;39m [36mc.ssafy.vue.controller.BoardController  [0;39m [2m:[0;39m Board listArticle - 호출
[2m2022-11-24 23:43:27.343[0;39m [32m INFO[0;39m [35m4116[0;39m [2m---[0;39m [2m[nio-9999-exec-6][0;39m [36mc.ssafy.vue.controller.BoardController  [0;39m [2m:[0;39m getBoardTotalCount - 호출
[2m2022-11-24 23:43:27.343[0;39m [32m INFO[0;39m [35m4116[0;39m [2m---[0;39m [2m[nio-9999-exec-5][0;39m [36mc.ssafy.vue.controller.BoardController  [0;39m [2m:[0;39m Board listArticle - 호출
[2m2022-11-24 23:51:46.011[0;39m [32mDEBUG[0;39m [35m4116[0;39m [2m---[0;39m [2m[io-9999-exec-10][0;39m [36mc.ssafy.vue.controller.MemberController [0;39m [2m:[0;39m 로그인 accessToken 정보 : eyJ0eXAiOiJKV1QiLCJyZWdEYXRlIjoxNjY5MzAxNTA1OTY2LCJhbGciOiJIUzI1NiJ9.eyJleHAiOjE2NjkzMDE4MDUsInN1YiI6ImFjY2Vzcy10b2tlbiIsInVzZXJpZCI6InhobHJtcyJ9.qfCAPe-zrdUUx2Mo8lGOnBx0nrKQ754WHNFIXtPx_YA
[2m2022-11-24 23:51:46.012[0;39m [32mDEBUG[0;39m [35m4116[0;39m [2m---[0;39m [2m[io-9999-exec-10][0;39m [36mc.ssafy.vue.controller.MemberController [0;39m [2m:[0;39m 로그인 refreshToken 정보 : eyJ0eXAiOiJKV1QiLCJyZWdEYXRlIjoxNjY5MzAxNTA2MDA0LCJhbGciOiJIUzI1NiJ9.eyJleHAiOjE2NjkzMDI0MDYsInN1YiI6InJlZnJlc2gtdG9rZW4iLCJ1c2VyaWQiOiJ4aGxybXMifQ.zlGJNk13MXVmZzpS4MFZwD2EC0TuMcCET2dHhQAHQiI
[2m2022-11-24 23:51:46.047[0;39m [32m INFO[0;39m [35m4116[0;39m [2m---[0;39m [2m[nio-9999-exec-4][0;39m [36mc.ssafy.vue.controller.MemberController [0;39m [2m:[0;39m 사용 가능한 토큰!!!
[2m2022-11-24 23:51:47.673[0;39m [32m INFO[0;39m [35m4116[0;39m [2m---[0;39m [2m[nio-9999-exec-5][0;39m [36mc.ssafy.vue.controller.MemberController [0;39m [2m:[0;39m 사용 가능한 토큰!!!
[2m2022-11-24 23:51:47.703[0;39m [32m INFO[0;39m [35m4116[0;39m [2m---[0;39m [2m[nio-9999-exec-7][0;39m [36mc.ssafy.vue.controller.BoardController  [0;39m [2m:[0;39m QnA getBoardTotalCount - 호출
[2m2022-11-24 23:51:47.713[0;39m [32m INFO[0;39m [35m4116[0;39m [2m---[0;39m [2m[nio-9999-exec-6][0;39m [36mc.ssafy.vue.controller.BoardController  [0;39m [2m:[0;39m QnA listArticle - 호출
[2m2022-11-24 23:59:26.976[0;39m [31mERROR[0;39m [35m4116[0;39m [2m---[0;39m [2m[nio-9999-exec-1][0;39m [36mc.s.vue.model.service.JwtServiceImpl    [0;39m [2m:[0;39m JWT expired at 2022-11-24T23:56:45Z. Current time: 2022-11-24T23:59:26Z, a difference of 161974 milliseconds.  Allowed clock skew: 0 milliseconds.
[2m2022-11-24 23:59:26.976[0;39m [31mERROR[0;39m [35m4116[0;39m [2m---[0;39m [2m[nio-9999-exec-1][0;39m [36mc.ssafy.vue.controller.MemberController [0;39m [2m:[0;39m 사용 불가능 토큰!!!
[2m2022-11-24 23:59:26.985[0;39m [32mDEBUG[0;39m [35m4116[0;39m [2m---[0;39m [2m[io-9999-exec-10][0;39m [36mc.ssafy.vue.controller.MemberController [0;39m [2m:[0;39m token : eyJ0eXAiOiJKV1QiLCJyZWdEYXRlIjoxNjY5MzAxNTA2MDA0LCJhbGciOiJIUzI1NiJ9.eyJleHAiOjE2NjkzMDI0MDYsInN1YiI6InJlZnJlc2gtdG9rZW4iLCJ1c2VyaWQiOiJ4aGxybXMifQ.zlGJNk13MXVmZzpS4MFZwD2EC0TuMcCET2dHhQAHQiI, memberDto : MemberDto [userid=xhlrms, username=쁘띠나우, userpwd=null, email=xhlrms@ssafy.com, joindate=2022-11-24 23:14:26]
[2m2022-11-24 23:59:26.989[0;39m [32mDEBUG[0;39m [35m4116[0;39m [2m---[0;39m [2m[io-9999-exec-10][0;39m [36mc.ssafy.vue.controller.MemberController [0;39m [2m:[0;39m token : eyJ0eXAiOiJKV1QiLCJyZWdEYXRlIjoxNjY5MzAxOTY2OTg5LCJhbGciOiJIUzI1NiJ9.eyJleHAiOjE2NjkzMDIyNjYsInN1YiI6ImFjY2Vzcy10b2tlbiIsInVzZXJpZCI6InhobHJtcyJ9.7XB1Whqi2PBIm9Hvy-snsGeudN-hnDCKIFIWTdtsnU0
[2m2022-11-24 23:59:26.989[0;39m [32mDEBUG[0;39m [35m4116[0;39m [2m---[0;39m [2m[io-9999-exec-10][0;39m [36mc.ssafy.vue.controller.MemberController [0;39m [2m:[0;39m 정상적으로 액세스토큰 재발급!!!
[2m2022-11-24 23:59:27.328[0;39m [32m INFO[0;39m [35m4116[0;39m [2m---[0;39m [2m[nio-9999-exec-2][0;39m [36mc.ssafy.vue.controller.BoardController  [0;39m [2m:[0;39m QnA getArticle - 호출 : 2
[2m2022-11-24 23:59:30.789[0;39m [32m INFO[0;39m [35m4116[0;39m [2m---[0;39m [2m[nio-9999-exec-4][0;39m [36mc.ssafy.vue.controller.MemberController [0;39m [2m:[0;39m 사용 가능한 토큰!!!
[2m2022-11-24 23:59:30.841[0;39m [32m INFO[0;39m [35m4116[0;39m [2m---[0;39m [2m[nio-9999-exec-5][0;39m [36mc.ssafy.vue.controller.BoardController  [0;39m [2m:[0;39m QnA getArticle - 호출 : 2
